Sat Jan 17 21:31:40 IST 2026: DEBUG: Found rotation 0 in MP4 (rotation)
Sat Jan 17 21:31:40 IST 2026: samurai-spirit-under-the-moon.3840x2160.mp4 -> Selected Priority Rotation: 0
Sat Jan 17 21:31:40 IST 2026: samurai-spirit-under-the-moon.3840x2160.mp4 -> Final rotation: 0
Sat Jan 17 21:31:40 IST 2026: Video status changed: null -> READY
Sat Jan 17 21:31:40 IST 2026: Video status changed: READY -> PLAYING
Sat Jan 17 21:31:41 IST 2026: Video status changed: PLAYING -> DISPOSED
Sat Jan 17 21:37:26 IST 2026: DEBUG: Found rotation 0 in MP4 (rotation)
Sat Jan 17 21:37:26 IST 2026: samurai-spirit-under-the-moon.3840x2160.mp4 -> Selected Priority Rotation: 0
Sat Jan 17 21:37:26 IST 2026: samurai-spirit-under-the-moon.3840x2160.mp4 -> Final rotation: 0
Sat Jan 17 21:37:26 IST 2026: Video status changed: null -> READY
Sat Jan 17 21:37:26 IST 2026: Video status changed: READY -> PLAYING
Sat Jan 17 21:37:27 IST 2026: Video status changed: PLAYING -> DISPOSED
Sat Jan 17 21:37:27 IST 2026: Video status changed: DISPOSED -> STOPPED
Sat Jan 17 21:37:28 IST 2026: DEBUG: Found rotation 0 in MP4 (rotation)
Sat Jan 17 21:37:28 IST 2026: samurai-spirit-under-the-moon.3840x2160.mp4 -> Selected Priority Rotation: 0
Sat Jan 17 21:37:28 IST 2026: samurai-spirit-under-the-moon.3840x2160.mp4 -> Final rotation: 0
Sat Jan 17 21:37:28 IST 2026: Video status changed: null -> READY
Sat Jan 17 21:37:28 IST 2026: Video status changed: READY -> PLAYING
Sat Jan 17 21:37:28 IST 2026: Video status changed: PLAYING -> DISPOSED
Sat Jan 17 21:37:28 IST 2026: Video status changed: DISPOSED -> STOPPED
Sat Jan 17 21:37:28 IST 2026: DEBUG: Found rotation 0 in MP4 (rotation)
Sat Jan 17 21:37:28 IST 2026: violet-descent.3840x2160.mp4 -> Selected Priority Rotation: 0
Sat Jan 17 21:37:28 IST 2026: violet-descent.3840x2160.mp4 -> Final rotation: 0
Sat Jan 17 21:37:29 IST 2026: Video status changed: null -> READY
Sat Jan 17 21:37:29 IST 2026: Video status changed: READY -> PLAYING
Sat Jan 17 21:37:29 IST 2026: Video status changed: PLAYING -> DISPOSED
Sat Jan 17 21:37:47 IST 2026: DEBUG: Found rotation 0 in MP4 (rotation)
Sat Jan 17 21:37:47 IST 2026: violet-descent.3840x2160.mp4 -> Selected Priority Rotation: 0
Sat Jan 17 21:37:47 IST 2026: violet-descent.3840x2160.mp4 -> Final rotation: 0
Sat Jan 17 21:37:48 IST 2026: Video status changed: null -> READY
Sat Jan 17 21:37:48 IST 2026: Video status changed: READY -> PLAYING
Sat Jan 17 21:37:50 IST 2026: Video status changed: PLAYING -> DISPOSED
Sat Jan 17 21:37:51 IST 2026: Video status changed: DISPOSED -> STOPPED
Sat Jan 17 21:39:06 IST 2026: DEBUG: Found rotation 0 in MP4 (rotation)
Sat Jan 17 21:39:06 IST 2026: samurai-spirit-under-the-moon.3840x2160.mp4 -> Selected Priority Rotation: 0
Sat Jan 17 21:39:06 IST 2026: samurai-spirit-under-the-moon.3840x2160.mp4 -> Final rotation: 0
Sat Jan 17 21:39:08 IST 2026: Video status changed: null -> DISPOSED
Sat Jan 17 21:39:10 IST 2026: DEBUG: Found rotation 0 in MP4 (rotation)
Sat Jan 17 21:39:10 IST 2026: samurai-spirit-under-the-moon.3840x2160.mp4 -> Selected Priority Rotation: 0
Sat Jan 17 21:39:10 IST 2026: samurai-spirit-under-the-moon.3840x2160.mp4 -> Final rotation: 0
Sat Jan 17 21:39:10 IST 2026: Video status changed: null -> READY
Sat Jan 17 21:39:10 IST 2026: Video status changed: READY -> PLAYING
Sat Jan 17 21:39:13 IST 2026: Video status changed: PLAYING -> PAUSED
Sat Jan 17 21:39:13 IST 2026: Video status changed: PAUSED -> PLAYING
Sat Jan 17 21:39:15 IST 2026: Video status changed: PLAYING -> DISPOSED
Sat Jan 17 21:39:15 IST 2026: Video status changed: DISPOSED -> STOPPED
Sat Jan 17 21:39:17 IST 2026: DEBUG: Found rotation 0 in MP4 (rotation)
Sat Jan 17 21:39:17 IST 2026: samurai-spirit-under-the-moon.3840x2160.mp4 -> Selected Priority Rotation: 0
Sat Jan 17 21:39:17 IST 2026: samurai-spirit-under-the-moon.3840x2160.mp4 -> Final rotation: 0
Sat Jan 17 21:39:17 IST 2026: Video status changed: null -> READY
Sat Jan 17 21:39:17 IST 2026: Video status changed: READY -> PLAYING
Sat Jan 17 21:39:21 IST 2026: Video status changed: PLAYING -> DISPOSED
Sat Jan 17 21:39:21 IST 2026: Video status changed: DISPOSED -> STOPPED
Sat Jan 17 21:39:26 IST 2026: DEBUG: Found rotation 0 in MP4 (rotation)
Sat Jan 17 21:39:26 IST 2026: samurai-spirit-under-the-moon.3840x2160.mp4 -> Selected Priority Rotation: 0
Sat Jan 17 21:39:26 IST 2026: samurai-spirit-under-the-moon.3840x2160.mp4 -> Final rotation: 0
Sat Jan 17 21:39:27 IST 2026: Video status changed: null -> DISPOSED
Sat Jan 17 21:39:28 IST 2026: DEBUG: Found rotation 0 in MP4 (rotation)
Sat Jan 17 21:39:28 IST 2026: samurai-spirit-under-the-moon.3840x2160.mp4 -> Selected Priority Rotation: 0
Sat Jan 17 21:39:28 IST 2026: samurai-spirit-under-the-moon.3840x2160.mp4 -> Final rotation: 0
Sat Jan 17 21:39:28 IST 2026: Video status changed: null -> READY
Sat Jan 17 21:39:28 IST 2026: Video status changed: READY -> PLAYING
Sat Jan 17 21:39:29 IST 2026: Video status changed: PLAYING -> DISPOSED
Sat Jan 17 21:39:29 IST 2026: Video status changed: DISPOSED -> STOPPED
Sat Jan 17 21:41:36 IST 2026: DEBUG: Found rotation 0 in MP4 (rotation)
Sat Jan 17 21:41:36 IST 2026: samurai-spirit-under-the-moon.3840x2160.mp4 -> Selected Priority Rotation: 0
Sat Jan 17 21:41:36 IST 2026: samurai-spirit-under-the-moon.3840x2160.mp4 -> Final rotation: 0
Sat Jan 17 21:41:38 IST 2026: Video status changed: null -> DISPOSED
Sat Jan 17 21:41:39 IST 2026: DEBUG: Found rotation 0 in MP4 (rotation)
Sat Jan 17 21:41:39 IST 2026: samurai-spirit-under-the-moon.3840x2160.mp4 -> Selected Priority Rotation: 0
Sat Jan 17 21:41:39 IST 2026: samurai-spirit-under-the-moon.3840x2160.mp4 -> Final rotation: 0
Sat Jan 17 21:41:39 IST 2026: Video status changed: null -> READY
Sat Jan 17 21:41:39 IST 2026: Video status changed: READY -> PLAYING
Sat Jan 17 21:41:41 IST 2026: Loop toggled: true
Sat Jan 17 21:41:42 IST 2026: Loop toggled: false
Sat Jan 17 21:41:45 IST 2026: Video status changed: PLAYING -> PAUSED
Sat Jan 17 21:41:45 IST 2026: Video status changed: PAUSED -> PLAYING
Sat Jan 17 21:41:53 IST 2026: Video status changed: PLAYING -> DISPOSED
Sat Jan 17 21:41:54 IST 2026: Video status changed: DISPOSED -> STOPPED
Sun Jan 18 20:35:59 IST 2026: DEBUG: Found rotation 0 in MP4 (rotation)
Sun Jan 18 20:35:59 IST 2026: violet-descent.3840x2160.mp4 -> Selected Priority Rotation: 0
Sun Jan 18 20:35:59 IST 2026: violet-descent.3840x2160.mp4 -> Final rotation: 0
Sun Jan 18 20:35:59 IST 2026: Video status changed: null -> READY
Sun Jan 18 20:35:59 IST 2026: Video status changed: READY -> PLAYING
Sun Jan 18 20:36:00 IST 2026: Video status changed: PLAYING -> DISPOSED
Sun Jan 18 20:36:00 IST 2026: Video status changed: DISPOSED -> STOPPED
Sun Jan 18 20:36:27 IST 2026: DEBUG: Found rotation 0 in MP4 (rotation)
Sun Jan 18 20:36:27 IST 2026: samurai-spirit-under-the-moon.3840x2160.mp4 -> Selected Priority Rotation: 0
Sun Jan 18 20:36:27 IST 2026: samurai-spirit-under-the-moon.3840x2160.mp4 -> Final rotation: 0
Sun Jan 18 20:36:27 IST 2026: Video status changed: null -> READY
Sun Jan 18 20:36:27 IST 2026: Video status changed: READY -> PLAYING
Sun Jan 18 20:36:35 IST 2026: Video status changed: PLAYING -> DISPOSED
Sun Jan 18 20:36:35 IST 2026: Video status changed: DISPOSED -> STOPPED
Mon Jan 19 18:47:01 IST 2026: DEBUG: Found rotation 0 in MP4 (rotation)
Mon Jan 19 18:47:01 IST 2026: samurai-spirit-under-the-moon.3840x2160.mp4 -> Selected Priority Rotation: 0
Mon Jan 19 18:47:01 IST 2026: samurai-spirit-under-the-moon.3840x2160.mp4 -> Final rotation: 0
Mon Jan 19 18:47:01 IST 2026: Video status changed: null -> DISPOSED
Mon Jan 19 18:47:02 IST 2026: DEBUG: Found rotation 0 in MP4 (rotation)
Mon Jan 19 18:47:02 IST 2026: violet-descent.3840x2160.mp4 -> Selected Priority Rotation: 0
Mon Jan 19 18:47:02 IST 2026: violet-descent.3840x2160.mp4 -> Final rotation: 0
Mon Jan 19 18:47:02 IST 2026: Video status changed: null -> DISPOSED
